<?xml version="1.0" encoding="UTF-8"?>
<testsuite name="com.jojoldu.book.springboot.domain.posts.PostsRepositoryTest" tests="1" skipped="0" failures="0" errors="0" timestamp="2021-07-27T03:50:41" hostname="DESKTOP-6M8RFM5" time="0.191">
  <properties/>
  <testcase name="게시글저장_불러오기" classname="com.jojoldu.book.springboot.domain.posts.PostsRepositoryTest" time="0.191"/>
  <system-out><![CDATA[2021-07-27 12:50:37.464  INFO 9716 --- [    Test worker] .b.t.c.SpringBootTestContextBootstrapper : Neither @ContextConfiguration nor @ContextHierarchy found for test class [com.jojoldu.book.springboot.domain.posts.PostsRepositoryTest], using SpringBootContextLoader
2021-07-27 12:50:37.465  INFO 9716 --- [    Test worker] o.s.t.c.support.AbstractContextLoader    : Could not detect default resource locations for test class [com.jojoldu.book.springboot.domain.posts.PostsRepositoryTest]: no resource found for suffixes {-context.xml, Context.groovy}.
2021-07-27 12:50:37.465  INFO 9716 --- [    Test worker] t.c.s.AnnotationConfigContextLoaderUtils : Could not detect default configuration classes for test class [com.jojoldu.book.springboot.domain.posts.PostsRepositoryTest]: PostsRepositoryTest does not declare any static, non-private, non-final, nested classes annotated with @Configuration.
2021-07-27 12:50:37.476  INFO 9716 --- [    Test worker] .b.t.c.SpringBootTestContextBootstrapper : Found @SpringBootConfiguration com.jojoldu.book.springboot.Application for test class com.jojoldu.book.springboot.domain.posts.PostsRepositoryTest
2021-07-27 12:50:37.478  INFO 9716 --- [    Test worker] .b.t.c.SpringBootTestContextBootstrapper : Loaded default TestExecutionListener class names from location [META-INF/spring.factories]: [org.springframework.security.test.context.support.WithSecurityContextTestExecutionListener, org.springframework.security.test.context.support.ReactorContextTestExecutionListener, org.springframework.boot.test.autoconfigure.restdocs.RestDocsTestExecutionListener, org.springframework.boot.test.autoconfigure.web.client.MockRestServiceServerResetTestExecutionListener, org.springframework.boot.test.autoconfigure.web.servlet.MockMvcPrintOnlyOnFailureTestExecutionListener, org.springframework.boot.test.autoconfigure.web.servlet.WebDriverTestExecutionListener, org.springframework.boot.test.mock.mockito.MockitoTestExecutionListener, org.springframework.boot.test.mock.mockito.ResetMocksTestExecutionListener, org.springframework.test.context.web.ServletTestExecutionListener, org.springframework.test.context.support.DirtiesContextBeforeModesTestExecutionListener, org.springframework.test.context.support.DependencyInjectionTestExecutionListener, org.springframework.test.context.support.DirtiesContextTestExecutionListener, org.springframework.test.context.transaction.TransactionalTestExecutionListener, org.springframework.test.context.jdbc.SqlScriptsTestExecutionListener]
2021-07-27 12:50:37.478  INFO 9716 --- [    Test worker] .b.t.c.SpringBootTestContextBootstrapper : Using TestExecutionListeners: [org.springframework.test.context.web.ServletTestExecutionListener@f4ababc, org.springframework.test.context.support.DirtiesContextBeforeModesTestExecutionListener@4e41d019, org.springframework.boot.test.mock.mockito.MockitoTestExecutionListener@273bd9fe, org.springframework.boot.test.autoconfigure.SpringBootDependencyInjectionTestExecutionListener@23b8399c, org.springframework.test.context.support.DirtiesContextTestExecutionListener@79fdf80d, org.springframework.test.context.transaction.TransactionalTestExecutionListener@39fc3e33, org.springframework.test.context.jdbc.SqlScriptsTestExecutionListener@4071e4db, org.springframework.security.test.context.support.WithSecurityContextTestExecutionListener@22e74190, org.springframework.security.test.context.support.ReactorContextTestExecutionListener@34ccf851, org.springframework.boot.test.autoconfigure.restdocs.RestDocsTestExecutionListener@6c19455d, org.springframework.boot.test.autoconfigure.web.client.MockRestServiceServerResetTestExecutionListener@23812339, org.springframework.boot.test.autoconfigure.web.servlet.MockMvcPrintOnlyOnFailureTestExecutionListener@3bf21d18, org.springframework.boot.test.autoconfigure.web.servlet.WebDriverTestExecutionListener@682f6447, org.springframework.boot.test.mock.mockito.ResetMocksTestExecutionListener@4ebae7b2]

  .   ____          _            __ _ _
 /\\ / ___'_ __ _ _(_)_ __  __ _ \ \ \ \
( ( )\___ | '_ | '_| | '_ \/ _` | \ \ \ \
 \\/  ___)| |_)| | | | | || (_| |  ) ) ) )
  '  |____| .__|_| |_|_| |_\__, | / / / /
 =========|_|==============|___/=/_/_/_/
 :: Spring Boot ::        (v2.1.9.RELEASE)

2021-07-27 12:50:37.527  INFO 9716 --- [    Test worker] c.j.b.s.d.posts.PostsRepositoryTest      : Starting PostsRepositoryTest on DESKTOP-6M8RFM5 with PID 9716 (started by HOME in C:\SSAFY\07.IntelliJ-workspace\freelec-springboot2-webservice)
2021-07-27 12:50:37.528  INFO 9716 --- [    Test worker] c.j.b.s.d.posts.PostsRepositoryTest      : The following profiles are active: oauth
2021-07-27 12:50:37.904  INFO 9716 --- [    Test worker] .s.d.r.c.RepositoryConfigurationDelegate : Bootstrapping Spring Data repositories in DEFAULT mode.
2021-07-27 12:50:37.980  INFO 9716 --- [    Test worker] .s.d.r.c.RepositoryConfigurationDelegate : Finished Spring Data repository scanning in 69ms. Found 2 repository interfaces.
2021-07-27 12:50:38.214  INFO 9716 --- [    Test worker] trationDelegate$BeanPostProcessorChecker : Bean 'org.springframework.transaction.annotation.ProxyTransactionManagementConfiguration' of type [org.springframework.transaction.annotation.ProxyTransactionManagementConfiguration$$EnhancerBySpringCGLIB$$25054bb] is not eligible for getting processed by all BeanPostProcessors (for example: not eligible for auto-proxying)
2021-07-27 12:50:38.380  INFO 9716 --- [    Test worker] com.zaxxer.hikari.HikariDataSource       : HikariPool-1 - Starting...
2021-07-27 12:50:38.558  INFO 9716 --- [    Test worker] com.zaxxer.hikari.HikariDataSource       : HikariPool-1 - Start completed.
2021-07-27 12:50:38.660  INFO 9716 --- [    Test worker] o.hibernate.jpa.internal.util.LogHelper  : HHH000204: Processing PersistenceUnitInfo [
	name: default
	...]
2021-07-27 12:50:38.760  INFO 9716 --- [    Test worker] org.hibernate.Version                    : HHH000412: Hibernate Core {5.3.12.Final}
2021-07-27 12:50:38.762  INFO 9716 --- [    Test worker] org.hibernate.cfg.Environment            : HHH000206: hibernate.properties not found
2021-07-27 12:50:38.832  INFO 9716 --- [    Test worker] o.hibernate.annotations.common.Version   : HCANN000001: Hibernate Commons Annotations {5.0.4.Final}
2021-07-27 12:50:39.020  INFO 9716 --- [    Test worker] org.hibernate.dialect.Dialect            : HHH000400: Using dialect: org.hibernate.dialect.MySQL5InnoDBDialect
Hibernate: drop table if exists posts
Hibernate: drop table if exists user
Hibernate: create table posts (id bigint not null auto_increment, created_date datetime, modified_date datetime, author varchar(255), content TEXT not null, title varchar(500) not null, primary key (id)) engine=InnoDB
Hibernate: create table user (id bigint not null auto_increment, created_date datetime, modified_date datetime, email varchar(255) not null, name varchar(255) not null, picture varchar(255), role varchar(255) not null, primary key (id)) engine=InnoDB
2021-07-27 12:50:39.905  INFO 9716 --- [    Test worker] o.h.t.schema.internal.SchemaCreatorImpl  : HHH000476: Executing import script 'org.hibernate.tool.schema.internal.exec.ScriptSourceInputNonExistentImpl@3efb6c81'
2021-07-27 12:50:39.909  INFO 9716 --- [    Test worker] j.LocalContainerEntityManagerFactoryBean : Initialized JPA EntityManagerFactory for persistence unit 'default'
2021-07-27 12:50:40.428  INFO 9716 --- [    Test worker] o.h.h.i.QueryTranslatorFactoryInitiator  : HHH000397: Using ASTQueryTranslatorFactory
2021-07-27 12:50:40.770  INFO 9716 --- [    Test worker] o.s.s.web.DefaultSecurityFilterChain     : Creating filter chain: any request, [org.springframework.security.web.context.request.async.WebAsyncManagerIntegrationFilter@c5754e3, org.springframework.security.web.context.SecurityContextPersistenceFilter@4246a56d, org.springframework.security.web.header.HeaderWriterFilter@1bfc09fe, org.springframework.security.web.authentication.logout.LogoutFilter@44a9726, org.springframework.security.oauth2.client.web.OAuth2AuthorizationRequestRedirectFilter@6f9c64f0, org.springframework.security.oauth2.client.web.OAuth2LoginAuthenticationFilter@3af8567a, org.springframework.security.web.authentication.ui.DefaultLoginPageGeneratingFilter@73d039fc, org.springframework.security.web.authentication.ui.DefaultLogoutPageGeneratingFilter@bdb1790, org.springframework.security.web.savedrequest.RequestCacheAwareFilter@197cf440, org.springframework.security.web.servletapi.SecurityContextHolderAwareRequestFilter@62b4bd68, org.springframework.security.web.authentication.AnonymousAuthenticationFilter@7368cb17, org.springframework.security.web.session.SessionManagementFilter@715c053f, org.springframework.security.web.access.ExceptionTranslationFilter@65e7c0cd, org.springframework.security.web.access.intercept.FilterSecurityInterceptor@5a627f30]
2021-07-27 12:50:41.121  INFO 9716 --- [    Test worker] o.s.s.concurrent.ThreadPoolTaskExecutor  : Initializing ExecutorService 'applicationTaskExecutor'
2021-07-27 12:50:41.135  WARN 9716 --- [    Test worker] aWebConfiguration$JpaWebMvcConfiguration : spring.jpa.open-in-view is enabled by default. Therefore, database queries may be performed during view rendering. Explicitly configure spring.jpa.open-in-view to disable this warning
2021-07-27 12:50:41.163  INFO 9716 --- [    Test worker] o.s.b.a.w.s.WelcomePageHandlerMapping    : Adding welcome page template: index
2021-07-27 12:50:41.634  INFO 9716 --- [    Test worker] s.a.ScheduledAnnotationBeanPostProcessor : No TaskScheduler/ScheduledExecutorService bean found for scheduled processing
2021-07-27 12:50:41.642  INFO 9716 --- [    Test worker] c.j.b.s.d.posts.PostsRepositoryTest      : Started PostsRepositoryTest in 4.162 seconds (JVM running for 7.854)
Hibernate: insert into posts (created_date, modified_date, author, content, title) values (?, ?, ?, ?, ?)
Hibernate: select posts0_.id as id1_0_, posts0_.created_date as created_2_0_, posts0_.modified_date as modified3_0_, posts0_.author as author4_0_, posts0_.content as content5_0_, posts0_.title as title6_0_ from posts posts0_
Hibernate: select posts0_.id as id1_0_, posts0_.created_date as created_2_0_, posts0_.modified_date as modified3_0_, posts0_.author as author4_0_, posts0_.content as content5_0_, posts0_.title as title6_0_ from posts posts0_
Hibernate: delete from posts where id=?
]]></system-out>
  <system-err><![CDATA[]]></system-err>
</testsuite>
